2010-12-11 16:31:14 Warning: Warning (2): mysqli_connect() [http://php.net/function.mysqli-connect]: (28000/1045): Access denied for user 'redmine'@'localhost' (using password: YES) in [/home/steve/phplib/cakephp/cake/libs/model/datasources/dbo/dbo_mysqli.php, line 69]
2010-12-11 16:31:14 Warning: Warning (2): mysqli_get_server_info() expects parameter 1 to be mysqli, boolean given in [/home/steve/phplib/cakephp/cake/libs/model/datasources/dbo/dbo_mysqli.php, line 75]
2010-12-11 16:31:14 Warning: Warning (2): mysqli_query() expects parameter 1 to be mysqli, boolean given in [/home/steve/phplib/cakephp/cake/libs/model/datasources/dbo/dbo_mysqli.php, line 115]
2010-12-11 16:31:14 Warning: Warning (2): Cannot modify header information - headers already sent by (output started at /home/steve/phplib/cakephp/cake/libs/debugger.php:673) in [/home/steve/phplib/cakephp/cake/libs/controller/controller.php, line 746]
2010-12-11 16:32:31 Warning: Warning (2): mysqli_connect() [http://php.net/function.mysqli-connect]: (28000/1045): Access denied for user 'redmine'@'localhost' (using password: YES) in [/home/steve/phplib/cakephp/cake/libs/model/datasources/dbo/dbo_mysqli.php, line 69]
2010-12-11 16:32:31 Warning: Warning (2): mysqli_get_server_info() expects parameter 1 to be mysqli, boolean given in [/home/steve/phplib/cakephp/cake/libs/model/datasources/dbo/dbo_mysqli.php, line 75]
2010-12-11 16:32:31 Warning: Warning (2): mysqli_query() expects parameter 1 to be mysqli, boolean given in [/home/steve/phplib/cakephp/cake/libs/model/datasources/dbo/dbo_mysqli.php, line 115]
2010-12-11 16:32:31 Warning: Warning (2): Cannot modify header information - headers already sent by (output started at /home/steve/phplib/cakephp/cake/libs/debugger.php:673) in [/home/steve/phplib/cakephp/cake/libs/controller/controller.php, line 746]
2010-12-11 16:32:34 Warning: Warning (2): mysqli_connect() [http://php.net/function.mysqli-connect]: (28000/1045): Access denied for user 'redmine'@'localhost' (using password: YES) in [/home/steve/phplib/cakephp/cake/libs/model/datasources/dbo/dbo_mysqli.php, line 69]
2010-12-11 16:32:34 Warning: Warning (2): mysqli_get_server_info() expects parameter 1 to be mysqli, boolean given in [/home/steve/phplib/cakephp/cake/libs/model/datasources/dbo/dbo_mysqli.php, line 75]
2010-12-11 16:32:34 Warning: Warning (2): mysqli_query() expects parameter 1 to be mysqli, boolean given in [/home/steve/phplib/cakephp/cake/libs/model/datasources/dbo/dbo_mysqli.php, line 115]
2010-12-11 16:32:34 Warning: Warning (2): Cannot modify header information - headers already sent by (output started at /home/steve/phplib/cakephp/cake/libs/debugger.php:673) in [/home/steve/phplib/cakephp/cake/libs/controller/controller.php, line 746]
2010-12-11 16:35:59 Warning: Warning (2): mysqli_connect() [http://php.net/function.mysqli-connect]: (28000/1045): Access denied for user 'redmine'@'localhost' (using password: YES) in [/home/steve/phplib/cakephp/cake/libs/model/datasources/dbo/dbo_mysqli.php, line 69]
2010-12-11 16:35:59 Warning: Warning (2): mysqli_get_server_info() expects parameter 1 to be mysqli, boolean given in [/home/steve/phplib/cakephp/cake/libs/model/datasources/dbo/dbo_mysqli.php, line 75]
2010-12-11 16:35:59 Warning: Warning (2): mysqli_query() expects parameter 1 to be mysqli, boolean given in [/home/steve/phplib/cakephp/cake/libs/model/datasources/dbo/dbo_mysqli.php, line 115]
2010-12-11 16:35:59 Warning: Warning (2): Cannot modify header information - headers already sent by (output started at /home/steve/phplib/cakephp/cake/libs/debugger.php:673) in [/home/steve/phplib/cakephp/cake/libs/controller/controller.php, line 746]
2010-12-11 16:37:46 Warning: Warning (2): mysqli_connect() [http://php.net/function.mysqli-connect]: (28000/1045): Access denied for user 'redmine'@'localhost' (using password: YES) in [/home/steve/phplib/cakephp/cake/libs/model/datasources/dbo/dbo_mysqli.php, line 69]
2010-12-11 16:37:46 Warning: Warning (2): mysqli_get_server_info() expects parameter 1 to be mysqli, boolean given in [/home/steve/phplib/cakephp/cake/libs/model/datasources/dbo/dbo_mysqli.php, line 75]
2010-12-11 16:37:46 Warning: Warning (2): mysqli_query() expects parameter 1 to be mysqli, boolean given in [/home/steve/phplib/cakephp/cake/libs/model/datasources/dbo/dbo_mysqli.php, line 115]
2010-12-11 16:37:46 Warning: Warning (2): Cannot modify header information - headers already sent by (output started at /home/steve/phplib/cakephp/cake/libs/debugger.php:673) in [/home/steve/phplib/cakephp/cake/libs/controller/controller.php, line 746]
2010-12-11 16:37:48 Warning: Warning (2): mysqli_connect() [http://php.net/function.mysqli-connect]: (28000/1045): Access denied for user 'redmine'@'localhost' (using password: YES) in [/home/steve/phplib/cakephp/cake/libs/model/datasources/dbo/dbo_mysqli.php, line 69]
2010-12-11 16:37:48 Warning: Warning (2): mysqli_get_server_info() expects parameter 1 to be mysqli, boolean given in [/home/steve/phplib/cakephp/cake/libs/model/datasources/dbo/dbo_mysqli.php, line 75]
2010-12-11 16:37:48 Warning: Warning (2): mysqli_query() expects parameter 1 to be mysqli, boolean given in [/home/steve/phplib/cakephp/cake/libs/model/datasources/dbo/dbo_mysqli.php, line 115]
2010-12-11 16:37:48 Warning: Warning (2): Cannot modify header information - headers already sent by (output started at /home/steve/phplib/cakephp/cake/libs/debugger.php:673) in [/home/steve/phplib/cakephp/cake/libs/controller/controller.php, line 746]
2010-12-11 16:38:18 Warning: Warning (2): mysqli_connect() [http://php.net/function.mysqli-connect]: (28000/1045): Access denied for user 'redmine'@'localhost' (using password: YES) in [/home/steve/phplib/cakephp/cake/libs/model/datasources/dbo/dbo_mysqli.php, line 69]
2010-12-11 16:38:18 Warning: Warning (2): mysqli_get_server_info() expects parameter 1 to be mysqli, boolean given in [/home/steve/phplib/cakephp/cake/libs/model/datasources/dbo/dbo_mysqli.php, line 75]
2010-12-11 16:38:18 Warning: Warning (2): mysqli_query() expects parameter 1 to be mysqli, boolean given in [/home/steve/phplib/cakephp/cake/libs/model/datasources/dbo/dbo_mysqli.php, line 115]
2010-12-11 16:38:18 Warning: Warning (2): Cannot modify header information - headers already sent by (output started at /home/steve/phplib/cakephp/cake/libs/debugger.php:673) in [/home/steve/phplib/cakephp/cake/libs/controller/controller.php, line 746]
2010-12-11 16:38:20 Warning: Warning (2): mysqli_connect() [http://php.net/function.mysqli-connect]: (28000/1045): Access denied for user 'redmine'@'localhost' (using password: YES) in [/home/steve/phplib/cakephp/cake/libs/model/datasources/dbo/dbo_mysqli.php, line 69]
2010-12-11 16:38:20 Warning: Warning (2): mysqli_get_server_info() expects parameter 1 to be mysqli, boolean given in [/home/steve/phplib/cakephp/cake/libs/model/datasources/dbo/dbo_mysqli.php, line 75]
2010-12-11 16:38:20 Warning: Warning (2): mysqli_query() expects parameter 1 to be mysqli, boolean given in [/home/steve/phplib/cakephp/cake/libs/model/datasources/dbo/dbo_mysqli.php, line 115]
2010-12-11 16:38:20 Warning: Warning (2): Cannot modify header information - headers already sent by (output started at /home/steve/phplib/cakephp/cake/libs/debugger.php:673) in [/home/steve/phplib/cakephp/cake/libs/controller/controller.php, line 746]
2010-12-11 16:41:00 Warning: Warning (2): mysqli_connect() [http://php.net/function.mysqli-connect]: (28000/1045): Access denied for user 'redmine'@'localhost' (using password: YES) in [/home/steve/phplib/cakephp/cake/libs/model/datasources/dbo/dbo_mysqli.php, line 69]
2010-12-11 16:41:00 Warning: Warning (2): mysqli_get_server_info() expects parameter 1 to be mysqli, boolean given in [/home/steve/phplib/cakephp/cake/libs/model/datasources/dbo/dbo_mysqli.php, line 75]
2010-12-11 16:41:00 Warning: Warning (2): mysqli_query() expects parameter 1 to be mysqli, boolean given in [/home/steve/phplib/cakephp/cake/libs/model/datasources/dbo/dbo_mysqli.php, line 115]
2010-12-11 16:41:00 Warning: Warning (2): Cannot modify header information - headers already sent by (output started at /home/steve/phplib/cakephp/cake/libs/debugger.php:673) in [/home/steve/phplib/cakephp/cake/libs/controller/controller.php, line 746]
2010-12-11 16:42:14 Warning: Warning (2): mysqli_connect() [http://php.net/function.mysqli-connect]: (28000/1045): Access denied for user 'redmine'@'localhost' (using password: YES) in [/home/steve/phplib/cakephp/cake/libs/model/datasources/dbo/dbo_mysqli.php, line 69]
2010-12-11 16:42:14 Warning: Warning (2): mysqli_get_server_info() expects parameter 1 to be mysqli, boolean given in [/home/steve/phplib/cakephp/cake/libs/model/datasources/dbo/dbo_mysqli.php, line 75]
2010-12-11 16:42:14 Warning: Warning (2): mysqli_query() expects parameter 1 to be mysqli, boolean given in [/home/steve/phplib/cakephp/cake/libs/model/datasources/dbo/dbo_mysqli.php, line 115]
2010-12-11 16:42:14 Warning: Warning (2): Cannot modify header information - headers already sent by (output started at /home/steve/phplib/cakephp/cake/libs/debugger.php:673) in [/home/steve/phplib/cakephp/cake/libs/controller/controller.php, line 746]
2010-12-11 16:45:08 Warning: Warning (2): mysqli_connect() [http://php.net/function.mysqli-connect]: (28000/1045): Access denied for user 'redmine'@'localhost' (using password: YES) in [/home/steve/phplib/cakephp/cake/libs/model/datasources/dbo/dbo_mysqli.php, line 69]
2010-12-11 16:45:08 Warning: Warning (2): mysqli_get_server_info() expects parameter 1 to be mysqli, boolean given in [/home/steve/phplib/cakephp/cake/libs/model/datasources/dbo/dbo_mysqli.php, line 75]
2010-12-11 16:45:08 Warning: Warning (2): mysqli_query() expects parameter 1 to be mysqli, boolean given in [/home/steve/phplib/cakephp/cake/libs/model/datasources/dbo/dbo_mysqli.php, line 115]
2010-12-11 16:45:08 Warning: Warning (2): Cannot modify header information - headers already sent by (output started at /home/steve/phplib/cakephp/cake/libs/debugger.php:673) in [/home/steve/phplib/cakephp/cake/libs/controller/controller.php, line 746]
2010-12-11 16:50:25 Error: Fatal Error (256): ConnectionManager::getDataSource - Non-existent data source default in [/home/steve/phplib/cakephp/cake/libs/model/connection_manager.php, line 102]
2010-12-11 16:53:44 Warning: Warning (2): mysqli_connect() [http://php.net/function.mysqli-connect]: (28000/1045): Access denied for user 'redmine'@'localhost' (using password: YES) in [/home/steve/phplib/cakephp/cake/libs/model/datasources/dbo/dbo_mysqli.php, line 69]
2010-12-11 16:53:44 Warning: Warning (2): mysqli_get_server_info() expects parameter 1 to be mysqli, boolean given in [/home/steve/phplib/cakephp/cake/libs/model/datasources/dbo/dbo_mysqli.php, line 75]
2010-12-11 16:53:44 Warning: Warning (2): mysqli_query() expects parameter 1 to be mysqli, boolean given in [/home/steve/phplib/cakephp/cake/libs/model/datasources/dbo/dbo_mysqli.php, line 115]
2010-12-11 16:53:44 Warning: Warning (2): Cannot modify header information - headers already sent by (output started at /home/steve/phplib/cakephp/cake/libs/debugger.php:673) in [/home/steve/phplib/cakephp/cake/libs/controller/controller.php, line 746]
